<?xml version="1.0" encoding="UTF-8"?>
<!-- Generated by org.testng.reporters.JUnitReportReporter -->
<testsuite hostname="Gayatri-PC" failures="0" tests="1" name="com.TestNGDemos.D08KeywordDriven" time="1.342" errors="0" timestamp="2024-11-06T17:34:40 IST" skipped="0">
  <testcase classname="com.TestNGDemos.D08KeywordDriven" name="Login" time="1.342"/>
</testsuite> <!-- com.TestNGDemos.D08KeywordDriven -->
