<?xml version="1.0" encoding="UTF-8"?>
<!-- Generated by org.testng.reporters.JUnitReportReporter -->
<testsuite hostname="Gayatri-PC" failures="0" tests="1" name="com.TestNGDemos.D11WriteToExcel" time="0.254" errors="0" timestamp="2024-11-08T16:11:24 IST" skipped="0">
  <testcase classname="com.TestNGDemos.D11WriteToExcel" name="writeData" time="0.254"/>
</testsuite> <!-- com.TestNGDemos.D11WriteToExcel -->
