<?xml version="1.0" encoding="UTF-8"?>
<!-- Generated by org.testng.reporters.JUnitReportReporter -->
<testsuite hostname="Gayatri-PC" failures="0" tests="3" name="com.TestNGDemos.D02MultipleTests" time="52.333" errors="0" timestamp="2024-11-01T13:01:30 IST" skipped="0">
  <testcase classname="com.TestNGDemos.D02MultipleTests" name="bigBasket" time="16.807"/>
  <testcase classname="com.TestNGDemos.D02MultipleTests" name="testJioMart" time="18.123"/>
  <testcase classname="com.TestNGDemos.D02MultipleTests" name="testMeesho" time="17.403"/>
</testsuite> <!-- com.TestNGDemos.D02MultipleTests -->
