<?xml version="1.0" encoding="UTF-8"?>
<!-- Generated by org.testng.reporters.JUnitReportReporter -->
<testsuite hostname="Gayatri-PC" failures="0" tests="2" name="com.DailyAssignments.A24testLoginOfHRM" time="14.336" errors="0" timestamp="2024-11-04T20:19:26 IST" skipped="0">
  <testcase classname="com.DailyAssignments.A24testLoginOfHRM" name="user2" time="3.841"/>
  <testcase classname="com.DailyAssignments.A24testLoginOfHRM" name="user1" time="10.495"/>
</testsuite> <!-- com.DailyAssignments.A24testLoginOfHRM -->
