<?xml version="1.0" encoding="UTF-8"?>
<!-- Generated by org.testng.reporters.JUnitReportReporter -->
<testsuite hostname="Gayatri-PC" failures="0" tests="3" name="com.TestNGDemos.D04Before_AfterMethod" time="15.424" errors="0" timestamp="2024-10-30T22:27:46 IST" skipped="0">
  <testcase classname="com.TestNGDemos.D04Before_AfterMethod" name="RedBus" time="9.992"/>
  <testcase classname="com.TestNGDemos.D04Before_AfterMethod" name="IstQb" time="3.707"/>
  <testcase classname="com.TestNGDemos.D04Before_AfterMethod" name="Google" time="1.725"/>
</testsuite> <!-- com.TestNGDemos.D04Before_AfterMethod -->
