<?xml version="1.0" encoding="UTF-8"?>
<!-- Generated by org.testng.reporters.JUnitReportReporter -->
<testsuite hostname="Gayatri-PC" failures="0" tests="3" name="com.TestNGDemos.D03Before_AfterTest" time="18.524" errors="0" timestamp="2024-10-30T22:02:11 IST" skipped="0">
  <testcase classname="com.TestNGDemos.D03Before_AfterTest" name="RedBus" time="11.944"/>
  <testcase classname="com.TestNGDemos.D03Before_AfterTest" name="IstQb" time="3.051"/>
  <testcase classname="com.TestNGDemos.D03Before_AfterTest" name="Google" time="3.529"/>
</testsuite> <!-- com.TestNGDemos.D03Before_AfterTest -->
