<?xml version="1.0" encoding="UTF-8"?>
<!-- Generated by org.testng.reporters.JUnitReportReporter -->
<testsuite hostname="Gayatri-PC" failures="0" tests="4" name="com.TestNGDemos.D07AssertionDemo" time="14.694" errors="0" timestamp="2024-11-06T16:10:16 IST" skipped="0">
  <testcase classname="com.TestNGDemos.D07AssertionDemo" name="loginToOHRM" time="5.716"/>
  <testcase classname="com.TestNGDemos.D07AssertionDemo" name="loginToOHRM" time="3.439"/>
  <testcase classname="com.TestNGDemos.D07AssertionDemo" name="loginToOHRM" time="3.776"/>
  <testcase classname="com.TestNGDemos.D07AssertionDemo" name="loginToOHRM" time="1.763"/>
</testsuite> <!-- com.TestNGDemos.D07AssertionDemo -->
