<?xml version="1.0" encoding="UTF-8"?>
<!-- Generated by org.testng.reporters.JUnitReportReporter -->
<testsuite hostname="Gayatri-PC" failures="0" tests="1" name="com.TestNGDemos.D01FirstTest" time="31.541" errors="0" timestamp="2024-10-30T21:12:22 IST" skipped="0">
  <testcase classname="com.TestNGDemos.D01FirstTest" name="openDemoQaRegistration" time="31.541"/>
</testsuite> <!-- com.TestNGDemos.D01FirstTest -->
