<?xml version="1.0" encoding="UTF-8"?>
<!-- Generated by org.testng.reporters.JUnitReportReporter -->
<testsuite hostname="Gayatri-PC" failures="0" tests="4" name="com.TestNGDemos.D06DataDrivenTestring" time="11.026" errors="0" timestamp="2024-11-05T20:08:53 IST" skipped="0">
  <testcase classname="com.TestNGDemos.D06DataDrivenTestring" name="loginToOHRM" time="2.414"/>
  <testcase classname="com.TestNGDemos.D06DataDrivenTestring" name="loginToOHRM" time="1.654"/>
  <testcase classname="com.TestNGDemos.D06DataDrivenTestring" name="loginToOHRM" time="5.508"/>
  <testcase classname="com.TestNGDemos.D06DataDrivenTestring" name="loginToOHRM" time="1.450"/>
</testsuite> <!-- com.TestNGDemos.D06DataDrivenTestring -->
