<?xml version="1.0" encoding="UTF-8"?>
<!-- Generated by org.testng.reporters.JUnitReportReporter -->
<testsuite hostname="Gayatri-PC" failures="0" tests="4" name="com.TricentisVehicleProject.TestAutoMobiles" time="84.658" errors="0" timestamp="2024-11-04T14:31:45 IST" skipped="0">
  <testcase classname="com.TricentisVehicleProject.TestAutoMobiles" name="auto_Silver" time="18.169"/>
  <testcase classname="com.TricentisVehicleProject.TestAutoMobiles" name="auto_Gold" time="15.641"/>
  <testcase classname="com.TricentisVehicleProject.TestAutoMobiles" name="auto_Platinum" time="35.573"/>
  <testcase classname="com.TricentisVehicleProject.TestAutoMobiles" name="auto_Ultimate" time="15.275"/>
</testsuite> <!-- com.TricentisVehicleProject.TestAutoMobiles -->
